<?xml version="1.0" encoding="UTF-8"?>
<testsuite xmlns:xsi="http://www.w3.org/2001/XMLSchema-instance" xsi:noNamespaceSchemaLocation="https://maven.apache.org/surefire/maven-surefire-plugin/xsd/surefire-test-report.xsd" name="com.mindlinksoft.recruitment.mychat.ConversationExporterTests" time="0.132" tests="1" errors="0" skipped="0" failures="0">
  <properties>
    <property name="sun.desktop" value="windows"/>
    <property name="awt.toolkit" value="sun.awt.windows.WToolkit"/>
    <property name="file.encoding.pkg" value="sun.io"/>
    <property name="java.specification.version" value="1.8"/>
    <property name="sun.cpu.isalist" value="amd64"/>
    <property name="sun.jnu.encoding" value="Cp1252"/>
    <property name="java.class.path" value="C:\Users\Michail\Desktop\my-chat-master\my-chat-master\target\test-classes;C:\Users\Michail\Desktop\my-chat-master\my-chat-master\target\classes;C:\Users\Michail\.m2\repository\info\picocli\picocli\4.5.1\picocli-4.5.1.jar;C:\Users\Michail\.m2\repository\junit\junit\4.12\junit-4.12.jar;C:\Users\Michail\.m2\repository\org\hamcrest\hamcrest-core\1.3\hamcrest-core-1.3.jar;C:\Users\Michail\.m2\repository\com\google\code\gson\gson\2.5\gson-2.5.jar;"/>
    <property name="java.vm.vendor" value=""/>
    <property name="sun.arch.data.model" value="64"/>
    <property name="user.variant" value=""/>
    <property name="java.vendor.url" value="http://java.oracle.com/"/>
    <property name="user.timezone" value="Europe/London"/>
    <property name="java.vm.specification.version" value="1.8"/>
    <property name="os.name" value="Windows 10"/>
    <property name="user.country" value="US"/>
    <property name="sun.java.launcher" value="SUN_STANDARD"/>
    <property name="sun.boot.library.path" value="C:\Users\Michail\AppData\Local\Coursier\cache\jvm\adopt@1.8.0-242\jre\bin"/>
    <property name="sun.java.command" value="C:\Users\Michail\AppData\Local\Temp\surefire2099338534150128560\surefirebooter805247917302264967.jar C:\Users\Michail\AppData\Local\Temp\surefire2099338534150128560 2020-10-02T09-18-08_045-jvmRun1 surefire6210303985524277119tmp surefire_02515223461858009197tmp"/>
    <property name="surefire.test.class.path" value="C:\Users\Michail\Desktop\my-chat-master\my-chat-master\target\test-classes;C:\Users\Michail\Desktop\my-chat-master\my-chat-master\target\classes;C:\Users\Michail\.m2\repository\info\picocli\picocli\4.5.1\picocli-4.5.1.jar;C:\Users\Michail\.m2\repository\junit\junit\4.12\junit-4.12.jar;C:\Users\Michail\.m2\repository\org\hamcrest\hamcrest-core\1.3\hamcrest-core-1.3.jar;C:\Users\Michail\.m2\repository\com\google\code\gson\gson\2.5\gson-2.5.jar;"/>
    <property name="sun.cpu.endian" value="little"/>
    <property name="user.home" value="C:\Users\Michail"/>
    <property name="user.language" value="en"/>
    <property name="java.specification.vendor" value="Oracle Corporation"/>
    <property name="java.home" value="C:\Users\Michail\AppData\Local\Coursier\cache\jvm\adopt@1.8.0-242\jre"/>
    <property name="basedir" value="C:\Users\Michail\Desktop\my-chat-master\my-chat-master"/>
    <property name="file.separator" value="\"/>
    <property name="line.separator" value="&#10;"/>
    <property name="java.vm.specification.vendor" value="Oracle Corporation"/>
    <property name="java.specification.name" value="Java Platform API Specification"/>
    <property name="java.awt.graphicsenv" value="sun.awt.Win32GraphicsEnvironment"/>
    <property name="surefire.real.class.path" value="C:\Users\Michail\AppData\Local\Temp\surefire2099338534150128560\surefirebooter805247917302264967.jar"/>
    <property name="sun.boot.class.path" value="C:\Users\Michail\AppData\Local\Coursier\cache\jvm\adopt@1.8.0-242\jre\lib\resources.jar;C:\Users\Michail\AppData\Local\Coursier\cache\jvm\adopt@1.8.0-242\jre\lib\rt.jar;C:\Users\Michail\AppData\Local\Coursier\cache\jvm\adopt@1.8.0-242\jre\lib\sunrsasign.jar;C:\Users\Michail\AppData\Local\Coursier\cache\jvm\adopt@1.8.0-242\jre\lib\jsse.jar;C:\Users\Michail\AppData\Local\Coursier\cache\jvm\adopt@1.8.0-242\jre\lib\jce.jar;C:\Users\Michail\AppData\Local\Coursier\cache\jvm\adopt@1.8.0-242\jre\lib\charsets.jar;C:\Users\Michail\AppData\Local\Coursier\cache\jvm\adopt@1.8.0-242\jre\lib\jfr.jar;C:\Users\Michail\AppData\Local\Coursier\cache\jvm\adopt@1.8.0-242\jre\classes"/>
    <property name="user.script" value=""/>
    <property name="sun.management.compiler" value="HotSpot 64-Bit Tiered Compilers"/>
    <property name="java.runtime.version" value="1.8.0_242-b08"/>
    <property name="user.name" value="Michail"/>
    <property name="path.separator" value=";"/>
    <property name="os.version" value="10.0"/>
    <property name="java.endorsed.dirs" value="C:\Users\Michail\AppData\Local\Coursier\cache\jvm\adopt@1.8.0-242\jre\lib\endorsed"/>
    <property name="java.runtime.name" value="OpenJDK Runtime Environment"/>
    <property name="file.encoding" value="Cp1252"/>
    <property name="java.vm.name" value="OpenJDK 64-Bit Server VM"/>
    <property name="localRepository" value="C:\Users\Michail\.m2\repository"/>
    <property name="java.vendor.url.bug" value="http://bugreport.sun.com/bugreport/"/>
    <property name="java.io.tmpdir" value="C:\Users\Michail\AppData\Local\Temp\"/>
    <property name="java.version" value="1.8.0_242"/>
    <property name="user.dir" value="C:\Users\Michail\Desktop\my-chat-master\my-chat-master"/>
    <property name="os.arch" value="amd64"/>
    <property name="java.vm.specification.name" value="Java Virtual Machine Specification"/>
    <property name="java.awt.printerjob" value="sun.awt.windows.WPrinterJob"/>
    <property name="sun.os.patch.level" value=""/>
    <property name="java.library.path" value="C:\Users\Michail\AppData\Local\Coursier\cache\jvm\adopt@1.8.0-242\jre\bin;C:\WINDOWS\Sun\Java\bin;C:\WINDOWS\system32;C:\WINDOWS;C:\WINDOWS\system32;C:\WINDOWS;C:\WINDOWS\System32\Wbem;C:\WINDOWS\System32\WindowsPowerShell\v1.0\;C:\WINDOWS\System32\OpenSSH\;C:\Program Files\dotnet\;C:\Program Files\Microsoft SQL Server\130\Tools\Binn\;C:\Android;C:\Windows\System32;C:\Program Files (x86)\Intel\Intel(R) Management Engine Components\DAL;C:\Program Files\Intel\Intel(R) Management Engine Components\DAL;C:\Program Files (x86)\Git\cmd;C:\Users\Michail\AppData\Local\Microsoft\WindowsApps;C:\Users\Michail\.dotnet\tools;C:\Users\Michail\AppData\Local\Microsoft\WindowsApps;C:\Users\Michail\AppData\Local\Programs\MiKTeX 2.9\miktex\bin\x64\;C:\Users\Michail\AppData\Local\Coursier\cache\jvm\adopt@1.8.0-242\bin;C:\Users\Michail\AppData\Local\Coursier\data\bin;C:\Users\Michail\AppData\Local\GitHubDesktop\bin;C:\Program Files\apache-maven-3.6.3\bin;;."/>
    <property name="java.vm.info" value="mixed mode"/>
    <property name="java.vendor" value="AdoptOpenJDK"/>
    <property name="java.vm.version" value="25.242-b08"/>
    <property name="java.ext.dirs" value="C:\Users\Michail\AppData\Local\Coursier\cache\jvm\adopt@1.8.0-242\jre\lib\ext;C:\WINDOWS\Sun\Java\lib\ext"/>
    <property name="sun.io.unicode.encoding" value="UnicodeLittle"/>
    <property name="java.class.version" value="52.0"/>
  </properties>
  <testcase name="testExportingConversationExportsConversation" classname="com.mindlinksoft.recruitment.mychat.ConversationExporterTests" time="0.096"/>
</testsuite>